  myBasicTools.cpp
  mySystemApp.cpp
\\Mac\Home\Downloads\111652017_HsiuI, Liao\OOP_HW02_Template_NET2019_202402\primitives\vector3d.h(24,61): warning C4244: 'return': conversion from 'double' to 'float', possible loss of data
\\Mac\Home\Downloads\111652017_HsiuI, Liao\OOP_HW02_Template_NET2019_202402\00_StudentWork\00_SimpleInteractiveSystem\mySystem_GalaxySystem.h(69,26): warning C4018: '<': signed/unsigned mismatch
\\Mac\Home\Downloads\111652017_HsiuI, Liao\OOP_HW02_Template_NET2019_202402\00_StudentWork\00_SimpleInteractiveSystem\mySystem_GalaxySystem.h(76,26): warning C4018: '<': signed/unsigned mismatch
  mySystemApp_HandleEvents.cpp
\\Mac\Home\Downloads\111652017_HsiuI, Liao\OOP_HW02_Template_NET2019_202402\00_StudentWork\00_SimpleInteractiveSystem\mySystem_GalaxySystem.h(69,26): warning C4018: '<': signed/unsigned mismatch
\\Mac\Home\Downloads\111652017_HsiuI, Liao\OOP_HW02_Template_NET2019_202402\00_StudentWork\00_SimpleInteractiveSystem\mySystem_GalaxySystem.h(76,26): warning C4018: '<': signed/unsigned mismatch
\\Mac\Home\Downloads\111652017_HsiuI, Liao\OOP_HW02_Template_NET2019_202402\00_StudentWork\00_SimpleInteractiveSystem\mySystemApp_HandleEvents.cpp(71,12): warning C4101: 'value': unreferenced local variable
\\Mac\Home\Downloads\111652017_HsiuI, Liao\OOP_HW02_Template_NET2019_202402\00_StudentWork\00_SimpleInteractiveSystem\mySystemApp_HandleEvents.cpp(72,9): warning C4101: 'numSamples': unreferenced local variable
\\Mac\Home\Downloads\111652017_HsiuI, Liao\OOP_HW02_Template_NET2019_202402\00_StudentWork\00_SimpleInteractiveSystem\mySystemApp_HandleEvents.cpp(94,12): warning C4101: 'value': unreferenced local variable
\\Mac\Home\Downloads\111652017_HsiuI, Liao\OOP_HW02_Template_NET2019_202402\00_StudentWork\00_SimpleInteractiveSystem\mySystemApp_HandleEvents.cpp(95,9): warning C4101: 'numSamples': unreferenced local variable
\\Mac\Home\Downloads\111652017_HsiuI, Liao\OOP_HW02_Template_NET2019_202402\00_StudentWork\00_SimpleInteractiveSystem\mySystemApp_HandleEvents.cpp(129,12): warning C4101: 'value': unreferenced local variable
\\Mac\Home\Downloads\111652017_HsiuI, Liao\OOP_HW02_Template_NET2019_202402\00_StudentWork\00_SimpleInteractiveSystem\mySystemApp_HandleEvents.cpp(130,9): warning C4101: 'numSamples': unreferenced local variable
\\Mac\Home\Downloads\111652017_HsiuI, Liao\OOP_HW02_Template_NET2019_202402\00_StudentWork\00_SimpleInteractiveSystem\mySystemApp_HandleEvents.cpp(163,12): warning C4101: 'value': unreferenced local variable
\\Mac\Home\Downloads\111652017_HsiuI, Liao\OOP_HW02_Template_NET2019_202402\00_StudentWork\00_SimpleInteractiveSystem\mySystemApp_HandleEvents.cpp(164,9): warning C4101: 'numSamples': unreferenced local variable
\\Mac\Home\Downloads\111652017_HsiuI, Liao\OOP_HW02_Template_NET2019_202402\00_StudentWork\00_SimpleInteractiveSystem\mySystemApp_HandleEvents.cpp(214,42): warning C4305: 'argument': truncation from 'double' to 'float'
\\Mac\Home\Downloads\111652017_HsiuI, Liao\OOP_HW02_Template_NET2019_202402\00_StudentWork\00_SimpleInteractiveSystem\mySystemApp_HandleEvents.cpp(246,47): warning C4305: 'argument': truncation from 'double' to 'float'
\\Mac\Home\Downloads\111652017_HsiuI, Liao\OOP_HW02_Template_NET2019_202402\00_StudentWork\00_SimpleInteractiveSystem\mySystemApp_HandleEvents.cpp(257,47): warning C4305: 'argument': truncation from 'double' to 'float'
  mySystemApp_draw.cpp
\\Mac\Home\Downloads\111652017_HsiuI, Liao\OOP_HW02_Template_NET2019_202402\primitives\vector3d.h(24,61): warning C4244: 'return': conversion from 'double' to 'float', possible loss of data
\\Mac\Home\Downloads\111652017_HsiuI, Liao\OOP_HW02_Template_NET2019_202402\00_StudentWork\00_SimpleInteractiveSystem\mySystem_GalaxySystem.h(69,26): warning C4018: '<': signed/unsigned mismatch
\\Mac\Home\Downloads\111652017_HsiuI, Liao\OOP_HW02_Template_NET2019_202402\00_StudentWork\00_SimpleInteractiveSystem\mySystem_GalaxySystem.h(76,26): warning C4018: '<': signed/unsigned mismatch
\\Mac\Home\Downloads\111652017_HsiuI, Liao\OOP_HW02_Template_NET2019_202402\00_StudentWork\00_SimpleInteractiveSystem\mySystemApp_draw.cpp(111,37): warning C4305: 'argument': truncation from 'double' to 'GLfloat'
\\Mac\Home\Downloads\111652017_HsiuI, Liao\OOP_HW02_Template_NET2019_202402\00_StudentWork\00_SimpleInteractiveSystem\mySystemApp_draw.cpp(116,29): warning C4244: 'argument': conversion from 'double' to 'GLfloat', possible loss of data
\\Mac\Home\Downloads\111652017_HsiuI, Liao\OOP_HW02_Template_NET2019_202402\00_StudentWork\00_SimpleInteractiveSystem\mySystemApp_draw.cpp(116,21): warning C4244: 'argument': conversion from 'double' to 'GLfloat', possible loss of data
\\Mac\Home\Downloads\111652017_HsiuI, Liao\OOP_HW02_Template_NET2019_202402\00_StudentWork\00_SimpleInteractiveSystem\mySystemApp_draw.cpp(132,31): warning C4244: 'argument': conversion from 'double' to 'GLfloat', possible loss of data
\\Mac\Home\Downloads\111652017_HsiuI, Liao\OOP_HW02_Template_NET2019_202402\00_StudentWork\00_SimpleInteractiveSystem\mySystemApp_draw.cpp(132,21): warning C4244: 'argument': conversion from 'double' to 'GLfloat', possible loss of data
\\Mac\Home\Downloads\111652017_HsiuI, Liao\OOP_HW02_Template_NET2019_202402\00_StudentWork\00_SimpleInteractiveSystem\mySystemApp_draw.cpp(149,30): warning C4244: 'argument': conversion from 'double' to 'GLfloat', possible loss of data
\\Mac\Home\Downloads\111652017_HsiuI, Liao\OOP_HW02_Template_NET2019_202402\00_StudentWork\00_SimpleInteractiveSystem\mySystemApp_draw.cpp(149,17): warning C4244: 'argument': conversion from 'double' to 'GLfloat', possible loss of data
\\Mac\Home\Downloads\111652017_HsiuI, Liao\OOP_HW02_Template_NET2019_202402\00_StudentWork\00_SimpleInteractiveSystem\mySystemApp_draw.cpp(150,17): warning C4244: 'argument': conversion from 'double' to 'GLfloat', possible loss of data
\\Mac\Home\Downloads\111652017_HsiuI, Liao\OOP_HW02_Template_NET2019_202402\00_StudentWork\00_SimpleInteractiveSystem\mySystemApp_draw.cpp(159,30): warning C4244: 'argument': conversion from 'double' to 'GLfloat', possible loss of data
\\Mac\Home\Downloads\111652017_HsiuI, Liao\OOP_HW02_Template_NET2019_202402\00_StudentWork\00_SimpleInteractiveSystem\mySystemApp_draw.cpp(159,17): warning C4244: 'argument': conversion from 'double' to 'GLfloat', possible loss of data
\\Mac\Home\Downloads\111652017_HsiuI, Liao\OOP_HW02_Template_NET2019_202402\00_StudentWork\00_SimpleInteractiveSystem\mySystemApp_draw.cpp(178,29): warning C4244: 'argument': conversion from 'double' to 'GLfloat', possible loss of data
\\Mac\Home\Downloads\111652017_HsiuI, Liao\OOP_HW02_Template_NET2019_202402\00_StudentWork\00_SimpleInteractiveSystem\mySystemApp_draw.cpp(178,21): warning C4244: 'argument': conversion from 'double' to 'GLfloat', possible loss of data
\\Mac\Home\Downloads\111652017_HsiuI, Liao\OOP_HW02_Template_NET2019_202402\00_StudentWork\00_SimpleInteractiveSystem\mySystemApp_draw.cpp(181,30): warning C4244: 'argument': conversion from 'double' to 'GLfloat', possible loss of data
\\Mac\Home\Downloads\111652017_HsiuI, Liao\OOP_HW02_Template_NET2019_202402\00_StudentWork\00_SimpleInteractiveSystem\mySystemApp_draw.cpp(181,21): warning C4244: 'argument': conversion from 'double' to 'GLfloat', possible loss of data
\\Mac\Home\Downloads\111652017_HsiuI, Liao\OOP_HW02_Template_NET2019_202402\00_StudentWork\00_SimpleInteractiveSystem\mySystemApp_draw.cpp(183,30): warning C4244: 'argument': conversion from 'double' to 'GLfloat', possible loss of data
\\Mac\Home\Downloads\111652017_HsiuI, Liao\OOP_HW02_Template_NET2019_202402\00_StudentWork\00_SimpleInteractiveSystem\mySystemApp_draw.cpp(183,21): warning C4244: 'argument': conversion from 'double' to 'GLfloat', possible loss of data
\\Mac\Home\Downloads\111652017_HsiuI, Liao\OOP_HW02_Template_NET2019_202402\00_StudentWork\00_SimpleInteractiveSystem\mySystemApp_draw.cpp(200,30): warning C4244: 'argument': conversion from 'double' to 'GLfloat', possible loss of data
\\Mac\Home\Downloads\111652017_HsiuI, Liao\OOP_HW02_Template_NET2019_202402\00_StudentWork\00_SimpleInteractiveSystem\mySystemApp_draw.cpp(200,21): warning C4244: 'argument': conversion from 'double' to 'GLfloat', possible loss of data
\\Mac\Home\Downloads\111652017_HsiuI, Liao\OOP_HW02_Template_NET2019_202402\00_StudentWork\00_SimpleInteractiveSystem\mySystemApp_draw.cpp(241,21): warning C4244: 'initializing': conversion from 'double' to 'float', possible loss of data
\\Mac\Home\Downloads\111652017_HsiuI, Liao\OOP_HW02_Template_NET2019_202402\00_StudentWork\00_SimpleInteractiveSystem\mySystemApp_draw.cpp(242,21): warning C4244: 'initializing': conversion from 'double' to 'float', possible loss of data
\\Mac\Home\Downloads\111652017_HsiuI, Liao\OOP_HW02_Template_NET2019_202402\00_StudentWork\00_SimpleInteractiveSystem\mySystemApp_draw.cpp(243,21): warning C4244: 'initializing': conversion from 'double' to 'float', possible loss of data
\\Mac\Home\Downloads\111652017_HsiuI, Liao\OOP_HW02_Template_NET2019_202402\00_StudentWork\00_SimpleInteractiveSystem\mySystemApp_draw.cpp(249,25): warning C4244: '=': conversion from 'double' to 'float', possible loss of data
\\Mac\Home\Downloads\111652017_HsiuI, Liao\OOP_HW02_Template_NET2019_202402\00_StudentWork\00_SimpleInteractiveSystem\mySystemApp_draw.cpp(250,25): warning C4244: '=': conversion from 'double' to 'float', possible loss of data
\\Mac\Home\Downloads\111652017_HsiuI, Liao\OOP_HW02_Template_NET2019_202402\00_StudentWork\00_SimpleInteractiveSystem\mySystemApp_draw.cpp(257,35): warning C4244: 'argument': conversion from 'double' to 'GLfloat', possible loss of data
\\Mac\Home\Downloads\111652017_HsiuI, Liao\OOP_HW02_Template_NET2019_202402\00_StudentWork\00_SimpleInteractiveSystem\mySystemApp_draw.cpp(257,25): warning C4244: 'argument': conversion from 'double' to 'GLfloat', possible loss of data
\\Mac\Home\Downloads\111652017_HsiuI, Liao\OOP_HW02_Template_NET2019_202402\00_StudentWork\00_SimpleInteractiveSystem\mySystemApp_draw.cpp(264,29): warning C4305: 'argument': truncation from 'double' to 'GLfloat'
\\Mac\Home\Downloads\111652017_HsiuI, Liao\OOP_HW02_Template_NET2019_202402\00_StudentWork\00_SimpleInteractiveSystem\mySystemApp_draw.cpp(274,49): warning C4244: 'argument': conversion from 'double' to 'GLfloat', possible loss of data
\\Mac\Home\Downloads\111652017_HsiuI, Liao\OOP_HW02_Template_NET2019_202402\00_StudentWork\00_SimpleInteractiveSystem\mySystemApp_draw.cpp(274,55): warning C4305: 'argument': truncation from 'double' to 'GLfloat'
\\Mac\Home\Downloads\111652017_HsiuI, Liao\OOP_HW02_Template_NET2019_202402\00_StudentWork\00_SimpleInteractiveSystem\mySystemApp_draw.cpp(276,44): warning C4305: 'argument': truncation from 'double' to 'GLfloat'
\\Mac\Home\Downloads\111652017_HsiuI, Liao\OOP_HW02_Template_NET2019_202402\00_StudentWork\00_SimpleInteractiveSystem\mySystemApp_draw.cpp(276,28): warning C4244: 'argument': conversion from 'double' to 'GLfloat', possible loss of data
\\Mac\Home\Downloads\111652017_HsiuI, Liao\OOP_HW02_Template_NET2019_202402\00_StudentWork\00_SimpleInteractiveSystem\mySystemApp_draw.cpp(290,18): warning C4244: 'initializing': conversion from 'double' to 'int', possible loss of data
\\Mac\Home\Downloads\111652017_HsiuI, Liao\OOP_HW02_Template_NET2019_202402\00_StudentWork\00_SimpleInteractiveSystem\mySystemApp_draw.cpp(309,34): warning C4244: 'argument': conversion from 'int' to 'GLfloat', possible loss of data
\\Mac\Home\Downloads\111652017_HsiuI, Liao\OOP_HW02_Template_NET2019_202402\00_StudentWork\00_SimpleInteractiveSystem\mySystemApp_draw.cpp(309,25): warning C4244: 'argument': conversion from 'int' to 'GLfloat', possible loss of data
\\Mac\Home\Downloads\111652017_HsiuI, Liao\OOP_HW02_Template_NET2019_202402\00_StudentWork\00_SimpleInteractiveSystem\mySystemApp_draw.cpp(312,34): warning C4244: 'argument': conversion from 'int' to 'GLfloat', possible loss of data
\\Mac\Home\Downloads\111652017_HsiuI, Liao\OOP_HW02_Template_NET2019_202402\00_StudentWork\00_SimpleInteractiveSystem\mySystemApp_draw.cpp(312,25): warning C4244: 'argument': conversion from 'int' to 'GLfloat', possible loss of data
\\Mac\Home\Downloads\111652017_HsiuI, Liao\OOP_HW02_Template_NET2019_202402\00_StudentWork\00_SimpleInteractiveSystem\mySystemApp_draw.cpp(315,34): warning C4244: 'argument': conversion from 'int' to 'GLfloat', possible loss of data
\\Mac\Home\Downloads\111652017_HsiuI, Liao\OOP_HW02_Template_NET2019_202402\00_StudentWork\00_SimpleInteractiveSystem\mySystemApp_draw.cpp(315,25): warning C4244: 'argument': conversion from 'int' to 'GLfloat', possible loss of data
\\Mac\Home\Downloads\111652017_HsiuI, Liao\OOP_HW02_Template_NET2019_202402\00_StudentWork\00_SimpleInteractiveSystem\mySystemApp_draw.cpp(318,34): warning C4244: 'argument': conversion from 'int' to 'GLfloat', possible loss of data
\\Mac\Home\Downloads\111652017_HsiuI, Liao\OOP_HW02_Template_NET2019_202402\00_StudentWork\00_SimpleInteractiveSystem\mySystemApp_draw.cpp(318,25): warning C4244: 'argument': conversion from 'int' to 'GLfloat', possible loss of data
\\Mac\Home\Downloads\111652017_HsiuI, Liao\OOP_HW02_Template_NET2019_202402\00_StudentWork\00_SimpleInteractiveSystem\mySystemApp_draw.cpp(324,13): warning C4244: 'initializing': conversion from 'int' to 'float', possible loss of data
\\Mac\Home\Downloads\111652017_HsiuI, Liao\OOP_HW02_Template_NET2019_202402\00_StudentWork\00_SimpleInteractiveSystem\mySystemApp_draw.cpp(301,26): warning C4101: 'b': unreferenced local variable
\\Mac\Home\Downloads\111652017_HsiuI, Liao\OOP_HW02_Template_NET2019_202402\00_StudentWork\00_SimpleInteractiveSystem\mySystemApp_draw.cpp(301,23): warning C4101: 'g': unreferenced local variable
\\Mac\Home\Downloads\111652017_HsiuI, Liao\OOP_HW02_Template_NET2019_202402\00_StudentWork\00_SimpleInteractiveSystem\mySystemApp_draw.cpp(301,20): warning C4101: 'r': unreferenced local variable
\\Mac\Home\Downloads\111652017_HsiuI, Liao\OOP_HW02_Template_NET2019_202402\00_StudentWork\00_SimpleInteractiveSystem\mySystemApp_draw.cpp(354,17): warning C4244: 'initializing': conversion from 'double' to 'float', possible loss of data
\\Mac\Home\Downloads\111652017_HsiuI, Liao\OOP_HW02_Template_NET2019_202402\00_StudentWork\00_SimpleInteractiveSystem\mySystemApp_draw.cpp(357,9): warning C4244: '=': conversion from 'int' to 'float', possible loss of data
\\Mac\Home\Downloads\111652017_HsiuI, Liao\OOP_HW02_Template_NET2019_202402\00_StudentWork\00_SimpleInteractiveSystem\mySystemApp_draw.cpp(359,45): warning C4244: '=': conversion from 'int' to 'float', possible loss of data
\\Mac\Home\Downloads\111652017_HsiuI, Liao\OOP_HW02_Template_NET2019_202402\00_StudentWork\00_SimpleInteractiveSystem\mySystemApp_draw.cpp(360,29): warning C4305: 'argument': truncation from 'double' to 'GLfloat'
\\Mac\Home\Downloads\111652017_HsiuI, Liao\OOP_HW02_Template_NET2019_202402\00_StudentWork\00_SimpleInteractiveSystem\mySystemApp_draw.cpp(363,29): warning C4305: 'argument': truncation from 'double' to 'GLfloat'
\\Mac\Home\Downloads\111652017_HsiuI, Liao\OOP_HW02_Template_NET2019_202402\00_StudentWork\00_SimpleInteractiveSystem\mySystemApp_draw.cpp(381,28): warning C4305: 'argument': truncation from 'double' to 'GLfloat'
\\Mac\Home\Downloads\111652017_HsiuI, Liao\OOP_HW02_Template_NET2019_202402\00_StudentWork\00_SimpleInteractiveSystem\mySystemApp_draw.cpp(384,15): warning C4244: 'argument': conversion from 'int' to 'GLfloat', possible loss of data
\\Mac\Home\Downloads\111652017_HsiuI, Liao\OOP_HW02_Template_NET2019_202402\00_StudentWork\00_SimpleInteractiveSystem\mySystemApp_draw.cpp(385,15): warning C4244: 'argument': conversion from 'int' to 'GLfloat', possible loss of data
\\Mac\Home\Downloads\111652017_HsiuI, Liao\OOP_HW02_Template_NET2019_202402\00_StudentWork\00_SimpleInteractiveSystem\mySystemApp_draw.cpp(386,24): warning C4244: 'argument': conversion from 'int' to 'GLfloat', possible loss of data
\\Mac\Home\Downloads\111652017_HsiuI, Liao\OOP_HW02_Template_NET2019_202402\00_StudentWork\00_SimpleInteractiveSystem\mySystemApp_draw.cpp(386,15): warning C4244: 'argument': conversion from 'int' to 'GLfloat', possible loss of data
\\Mac\Home\Downloads\111652017_HsiuI, Liao\OOP_HW02_Template_NET2019_202402\00_StudentWork\00_SimpleInteractiveSystem\mySystemApp_draw.cpp(387,24): warning C4244: 'argument': conversion from 'int' to 'GLfloat', possible loss of data
\\Mac\Home\Downloads\111652017_HsiuI, Liao\OOP_HW02_Template_NET2019_202402\00_StudentWork\00_SimpleInteractiveSystem\mySystemApp_draw.cpp(387,15): warning C4244: 'argument': conversion from 'int' to 'GLfloat', possible loss of data
\\Mac\Home\Downloads\111652017_HsiuI, Liao\OOP_HW02_Template_NET2019_202402\00_StudentWork\00_SimpleInteractiveSystem\mySystemApp_draw.cpp(396,28): warning C4305: 'argument': truncation from 'double' to 'GLfloat'
\\Mac\Home\Downloads\111652017_HsiuI, Liao\OOP_HW02_Template_NET2019_202402\00_StudentWork\00_SimpleInteractiveSystem\mySystemApp_draw.cpp(398,15): warning C4244: 'argument': conversion from 'int' to 'GLfloat', possible loss of data
\\Mac\Home\Downloads\111652017_HsiuI, Liao\OOP_HW02_Template_NET2019_202402\00_StudentWork\00_SimpleInteractiveSystem\mySystemApp_draw.cpp(399,15): warning C4244: 'argument': conversion from 'int' to 'GLfloat', possible loss of data
\\Mac\Home\Downloads\111652017_HsiuI, Liao\OOP_HW02_Template_NET2019_202402\00_StudentWork\00_SimpleInteractiveSystem\mySystemApp_draw.cpp(400,24): warning C4244: 'argument': conversion from 'int' to 'GLfloat', possible loss of data
\\Mac\Home\Downloads\111652017_HsiuI, Liao\OOP_HW02_Template_NET2019_202402\00_StudentWork\00_SimpleInteractiveSystem\mySystemApp_draw.cpp(400,15): warning C4244: 'argument': conversion from 'int' to 'GLfloat', possible loss of data
\\Mac\Home\Downloads\111652017_HsiuI, Liao\OOP_HW02_Template_NET2019_202402\00_StudentWork\00_SimpleInteractiveSystem\mySystemApp_draw.cpp(401,24): warning C4244: 'argument': conversion from 'int' to 'GLfloat', possible loss of data
\\Mac\Home\Downloads\111652017_HsiuI, Liao\OOP_HW02_Template_NET2019_202402\00_StudentWork\00_SimpleInteractiveSystem\mySystemApp_draw.cpp(401,15): warning C4244: 'argument': conversion from 'int' to 'GLfloat', possible loss of data
\\Mac\Home\Downloads\111652017_HsiuI, Liao\OOP_HW02_Template_NET2019_202402\00_StudentWork\00_SimpleInteractiveSystem\mySystemApp_draw.cpp(419,21): warning C4244: 'initializing': conversion from 'double' to 'float', possible loss of data
\\Mac\Home\Downloads\111652017_HsiuI, Liao\OOP_HW02_Template_NET2019_202402\00_StudentWork\00_SimpleInteractiveSystem\mySystemApp_draw.cpp(433,29): warning C4244: 'argument': conversion from 'int' to 'GLfloat', possible loss of data
\\Mac\Home\Downloads\111652017_HsiuI, Liao\OOP_HW02_Template_NET2019_202402\00_StudentWork\00_SimpleInteractiveSystem\mySystemApp_draw.cpp(433,21): warning C4244: 'argument': conversion from 'int' to 'GLfloat', possible loss of data
  mySystem_ColorPalette.cpp
\\Mac\Home\Downloads\111652017_HsiuI, Liao\OOP_HW02_Template_NET2019_202402\00_StudentWork\00_SimpleInteractiveSystem\mySystem_ColorPalette.cpp(79,27): warning C4244: '=': conversion from 'double' to 'float', possible loss of data
\\Mac\Home\Downloads\111652017_HsiuI, Liao\OOP_HW02_Template_NET2019_202402\00_StudentWork\00_SimpleInteractiveSystem\mySystem_ColorPalette.cpp(80,27): warning C4244: '=': conversion from 'double' to 'float', possible loss of data
\\Mac\Home\Downloads\111652017_HsiuI, Liao\OOP_HW02_Template_NET2019_202402\00_StudentWork\00_SimpleInteractiveSystem\mySystem_ColorPalette.cpp(81,27): warning C4244: '=': conversion from 'double' to 'float', possible loss of data
  mySystem_GalaxySystem.cpp
\\Mac\Home\Downloads\111652017_HsiuI, Liao\OOP_HW02_Template_NET2019_202402\primitives\vector3d.h(24,61): warning C4244: 'return': conversion from 'double' to 'float', possible loss of data
\\Mac\Home\Downloads\111652017_HsiuI, Liao\OOP_HW02_Template_NET2019_202402\00_StudentWork\00_SimpleInteractiveSystem\mySystem_GalaxySystem.h(69,26): warning C4018: '<': signed/unsigned mismatch
\\Mac\Home\Downloads\111652017_HsiuI, Liao\OOP_HW02_Template_NET2019_202402\00_StudentWork\00_SimpleInteractiveSystem\mySystem_GalaxySystem.h(76,26): warning C4018: '<': signed/unsigned mismatch
  mySystem_MonteCarlo.cpp
\\Mac\Home\Downloads\111652017_HsiuI, Liao\OOP_HW02_Template_NET2019_202402\primitives\vector3d.h(24,61): warning C4244: 'return': conversion from 'double' to 'float', possible loss of data
  mySystem_SimpleFileEditor.cpp
\\Mac\Home\Downloads\111652017_HsiuI, Liao\OOP_HW02_Template_NET2019_202402\primitives\vector3d.h(24,61): warning C4244: 'return': conversion from 'double' to 'float', possible loss of data
  mySystem_SimplePainter.cpp
\\Mac\Home\Downloads\111652017_HsiuI, Liao\OOP_HW02_Template_NET2019_202402\primitives\vector3d.h(24,61): warning C4244: 'return': conversion from 'double' to 'float', possible loss of data
\\Mac\Home\Downloads\111652017_HsiuI, Liao\OOP_HW02_Template_NET2019_202402\00_StudentWork\00_SimpleInteractiveSystem\mySystem_SimplePainter.cpp(45,36): warning C4244: 'argument': conversion from 'double' to 'float', possible loss of data
\\Mac\Home\Downloads\111652017_HsiuI, Liao\OOP_HW02_Template_NET2019_202402\00_StudentWork\00_SimpleInteractiveSystem\mySystem_SimplePainter.cpp(45,33): warning C4244: 'argument': conversion from 'double' to 'float', possible loss of data
\\Mac\Home\Downloads\111652017_HsiuI, Liao\OOP_HW02_Template_NET2019_202402\00_StudentWork\00_SimpleInteractiveSystem\mySystem_SimplePainter.cpp(45,30): warning C4244: 'argument': conversion from 'double' to 'float', possible loss of data
\\Mac\Home\Downloads\111652017_HsiuI, Liao\OOP_HW02_Template_NET2019_202402\00_StudentWork\00_SimpleInteractiveSystem\mySystem_SimplePainter.cpp(221,30): warning C4244: 'argument': conversion from 'double' to 'const float', possible loss of data
\\Mac\Home\Downloads\111652017_HsiuI, Liao\OOP_HW02_Template_NET2019_202402\00_StudentWork\00_SimpleInteractiveSystem\mySystem_SimplePainter.cpp(221,26): warning C4244: 'argument': conversion from 'double' to 'int', possible loss of data
\\Mac\Home\Downloads\111652017_HsiuI, Liao\OOP_HW02_Template_NET2019_202402\00_StudentWork\00_SimpleInteractiveSystem\mySystem_SimplePainter.cpp(221,21): warning C4244: 'argument': conversion from 'double' to 'int', possible loss of data
\\Mac\Home\Downloads\111652017_HsiuI, Liao\OOP_HW02_Template_NET2019_202402\00_StudentWork\00_SimpleInteractiveSystem\mySystem_SimplePainter.cpp(247,44): warning C4244: 'argument': conversion from 'double' to 'const float', possible loss of data
\\Mac\Home\Downloads\111652017_HsiuI, Liao\OOP_HW02_Template_NET2019_202402\00_StudentWork\00_SimpleInteractiveSystem\mySystem_SimplePainter.cpp(247,57): warning C4244: 'argument': conversion from 'double' to 'const float', possible loss of data
  mySystem_SortingVisualization.cpp
\\Mac\Home\Downloads\111652017_HsiuI, Liao\OOP_HW02_Template_NET2019_202402\primitives\vector3d.h(24,61): warning C4244: 'return': conversion from 'double' to 'float', possible loss of data
  basic_app.cpp
  boardGameApp.cpp
  BG_grid2D.cpp
\\Mac\Home\Downloads\111652017_HsiuI, Liao\OOP_HW02_Template_NET2019_202402\primitives\vector3d.h(24,61): warning C4244: 'return': conversion from 'double' to 'float', possible loss of data
  boardGame.cpp
  fileReader.cpp
  freeCanvas2D.cpp
\\Mac\Home\Downloads\111652017_HsiuI, Liao\OOP_HW02_Template_NET2019_202402\primitives\vector3d.h(24,61): warning C4244: 'return': conversion from 'double' to 'float', possible loss of data
  imageReader.cpp
  main.cpp
\\Mac\Home\Downloads\111652017_HsiuI, Liao\OOP_HW02_Template_NET2019_202402\00_StudentWork\00_SimpleInteractiveSystem\mySystem_GalaxySystem.h(69,26): warning C4018: '<': signed/unsigned mismatch
\\Mac\Home\Downloads\111652017_HsiuI, Liao\OOP_HW02_Template_NET2019_202402\00_StudentWork\00_SimpleInteractiveSystem\mySystem_GalaxySystem.h(76,26): warning C4018: '<': signed/unsigned mismatch
  openGLapp.cpp
\\Mac\Home\Downloads\111652017_HsiuI, Liao\OOP_HW02_Template_NET2019_202402\00_StudentWork\00_SimpleInteractiveSystem\mySystem_GalaxySystem.h(69,26): warning C4018: '<': signed/unsigned mismatch
\\Mac\Home\Downloads\111652017_HsiuI, Liao\OOP_HW02_Template_NET2019_202402\00_StudentWork\00_SimpleInteractiveSystem\mySystem_GalaxySystem.h(76,26): warning C4018: '<': signed/unsigned mismatch
  openGLapp.events.cpp
\\Mac\Home\Downloads\111652017_HsiuI, Liao\OOP_HW02_Template_NET2019_202402\00_StudentWork\00_SimpleInteractiveSystem\mySystem_GalaxySystem.h(69,26): warning C4018: '<': signed/unsigned mismatch
\\Mac\Home\Downloads\111652017_HsiuI, Liao\OOP_HW02_Template_NET2019_202402\00_StudentWork\00_SimpleInteractiveSystem\mySystem_GalaxySystem.h(76,26): warning C4018: '<': signed/unsigned mismatch
  Compiling...
  openGLapp_draw.cpp
\\Mac\Home\Downloads\111652017_HsiuI, Liao\OOP_HW02_Template_NET2019_202402\00_StudentWork\00_SimpleInteractiveSystem\mySystem_GalaxySystem.h(69,26): warning C4018: '<': signed/unsigned mismatch
\\Mac\Home\Downloads\111652017_HsiuI, Liao\OOP_HW02_Template_NET2019_202402\00_StudentWork\00_SimpleInteractiveSystem\mySystem_GalaxySystem.h(76,26): warning C4018: '<': signed/unsigned mismatch
  openGLapp_init.cpp
\\Mac\Home\Downloads\111652017_HsiuI, Liao\OOP_HW02_Template_NET2019_202402\00_StudentWork\00_SimpleInteractiveSystem\mySystem_GalaxySystem.h(69,26): warning C4018: '<': signed/unsigned mismatch
\\Mac\Home\Downloads\111652017_HsiuI, Liao\OOP_HW02_Template_NET2019_202402\00_StudentWork\00_SimpleInteractiveSystem\mySystem_GalaxySystem.h(76,26): warning C4018: '<': signed/unsigned mismatch
  openGLapp_update.cpp
\\Mac\Home\Downloads\111652017_HsiuI, Liao\OOP_HW02_Template_NET2019_202402\00_StudentWork\00_SimpleInteractiveSystem\mySystem_GalaxySystem.h(69,26): warning C4018: '<': signed/unsigned mismatch
\\Mac\Home\Downloads\111652017_HsiuI, Liao\OOP_HW02_Template_NET2019_202402\00_StudentWork\00_SimpleInteractiveSystem\mySystem_GalaxySystem.h(76,26): warning C4018: '<': signed/unsigned mismatch
  camera.cpp
\\Mac\Home\Downloads\111652017_HsiuI, Liao\OOP_HW02_Template_NET2019_202402\openGLbasic\camera.cpp(57,19): warning C4244: '=': conversion from 'double' to 'float', possible loss of data
  opengl_stuff.cpp
  painter.cpp
\\Mac\Home\Downloads\111652017_HsiuI, Liao\OOP_HW02_Template_NET2019_202402\primitives\vector3d.h(24,61): warning C4244: 'return': conversion from 'double' to 'float', possible loss of data
  painter_draw.cpp
\\Mac\Home\Downloads\111652017_HsiuI, Liao\OOP_HW02_Template_NET2019_202402\primitives\vector3d.h(24,61): warning C4244: 'return': conversion from 'double' to 'float', possible loss of data
  paintingSystem.cpp
\\Mac\Home\Downloads\111652017_HsiuI, Liao\OOP_HW02_Template_NET2019_202402\primitives\vector3d.h(24,61): warning C4244: 'return': conversion from 'double' to 'float', possible loss of data
  paintingSystemApp.cpp
\\Mac\Home\Downloads\111652017_HsiuI, Liao\OOP_HW02_Template_NET2019_202402\primitives\vector3d.h(24,61): warning C4244: 'return': conversion from 'double' to 'float', possible loss of data
  paintingSystemApp_HandleEvents.cpp
\\Mac\Home\Downloads\111652017_HsiuI, Liao\OOP_HW02_Template_NET2019_202402\primitives\vector3d.h(24,61): warning C4244: 'return': conversion from 'double' to 'float', possible loss of data
  paintingSystemApp_draw.cpp
\\Mac\Home\Downloads\111652017_HsiuI, Liao\OOP_HW02_Template_NET2019_202402\primitives\vector3d.h(24,61): warning C4244: 'return': conversion from 'double' to 'float', possible loss of data
  basic_tools.cpp
  grid2D.cpp
  provider.cpp
  vector3d.cpp
  lattice_manager.cpp
  texture.cpp
  textureManager.cpp
  textureManager_read.cpp
\\Mac\Home\Downloads\111652017_HsiuI, Liao\OOP_HW02_Template_NET2019_202402\textureManager\textureManager_read.cpp(46,12): warning C4834: discarding return value of function with 'nodiscard' attribute
C:\Program Files (x86)\Microsoft Visual Studio\2019\Community\MSBuild\Microsoft\VC\v160\Microsoft.CppBuild.targets(1363,5): warning MSB8012: TargetPath(\\Mac\Home\Downloads\111652017_HsiuI, Liao\OOP_HW02_Template_NET2019_202402\Release\SelfMotivatedSystem.exe) does not match the Linker's OutputFile property value (\\Mac\Home\Downloads\111652017_HsiuI, Liao\OOP_HW02_Template_NET2019_202402\bin\Release\SelfMotivatedSystem.exe). This may cause your project to build incorrectly. To correct this, please make sure that $(OutDir), $(TargetName) and $(TargetExt) property values match the value specified in %(Link.OutputFile).
  Generating code
  0 of 663 functions ( 0.0%) were compiled, the rest were copied from previous compilation.
    0 functions were new in current compilation
    0 functions had inline decision re-evaluated but remain unchanged
  Finished generating code
  asm.vcxproj -> \\Mac\Home\Downloads\111652017_HsiuI, Liao\OOP_HW02_Template_NET2019_202402\Release\SelfMotivatedSystem.exe
